2022/01/04 11:49:47 [notice] 1#1: using the "epoll" event method
2022/01/04 11:49:47 [notice] 1#1: nginx/1.21.0
2022/01/04 11:49:47 [notice] 1#1: built by gcc 8.3.0 (Debian 8.3.0-6) 
2022/01/04 11:49:47 [notice] 1#1: OS: Linux 5.10.25-linuxkit
2022/01/04 11:49:47 [notice] 1#1: getrlimit(RLIMIT_NOFILE): 1048576:1048576
2022/01/04 11:49:47 [notice] 1#1: start worker processes
2022/01/04 11:49:47 [notice] 1#1: start worker process 22
2022/01/04 11:49:47 [notice] 1#1: start worker process 23
2022/01/04 11:49:47 [notice] 1#1: start worker process 24
2022/01/04 11:49:47 [notice] 1#1: start worker process 25
2022/01/04 11:52:11 [notice] 1#1: signal 3 (SIGQUIT) received, shutting down
2022/01/04 11:52:11 [notice] 24#24: gracefully shutting down
2022/01/04 11:52:11 [notice] 22#22: gracefully shutting down
2022/01/04 11:52:11 [notice] 23#23: gracefully shutting down
2022/01/04 11:52:11 [notice] 25#25: gracefully shutting down
2022/01/04 11:52:11 [notice] 24#24: exiting
2022/01/04 11:52:11 [notice] 22#22: exiting
2022/01/04 11:52:11 [notice] 22#22: exit
2022/01/04 11:52:11 [notice] 23#23: exiting
2022/01/04 11:52:11 [notice] 23#23: exit
2022/01/04 11:52:11 [notice] 25#25: exiting
2022/01/04 11:52:11 [notice] 25#25: exit
2022/01/04 11:52:11 [notice] 24#24: exit
2022/01/04 11:52:11 [notice] 1#1: signal 17 (SIGCHLD) received from 22
2022/01/04 11:52:11 [notice] 1#1: worker process 22 exited with code 0
2022/01/04 11:52:11 [notice] 1#1: signal 29 (SIGIO) received
2022/01/04 11:52:11 [notice] 1#1: signal 17 (SIGCHLD) received from 23
2022/01/04 11:52:11 [notice] 1#1: worker process 23 exited with code 0
2022/01/04 11:52:11 [notice] 1#1: worker process 25 exited with code 0
2022/01/04 11:52:11 [notice] 1#1: signal 29 (SIGIO) received
2022/01/04 11:52:11 [notice] 1#1: signal 17 (SIGCHLD) received from 25
2022/01/04 11:52:11 [notice] 1#1: signal 17 (SIGCHLD) received from 24
2022/01/04 11:52:11 [notice] 1#1: worker process 24 exited with code 0
2022/01/04 11:52:11 [notice] 1#1: exit
2022/01/04 11:52:58 [notice] 1#1: using the "epoll" event method
2022/01/04 11:52:58 [notice] 1#1: nginx/1.21.0
2022/01/04 11:52:58 [notice] 1#1: built by gcc 8.3.0 (Debian 8.3.0-6) 
2022/01/04 11:52:58 [notice] 1#1: OS: Linux 5.10.25-linuxkit
2022/01/04 11:52:58 [notice] 1#1: getrlimit(RLIMIT_NOFILE): 1048576:1048576
2022/01/04 11:52:58 [notice] 1#1: start worker processes
2022/01/04 11:52:58 [notice] 1#1: start worker process 31
2022/01/04 11:52:58 [notice] 1#1: start worker process 32
2022/01/04 11:52:58 [notice] 1#1: start worker process 33
2022/01/04 11:52:58 [notice] 1#1: start worker process 34
2022/01/04 11:53:02 [notice] 1#1: signal 3 (SIGQUIT) received, shutting down
2022/01/04 11:53:02 [notice] 31#31: gracefully shutting down
2022/01/04 11:53:02 [notice] 31#31: exiting
2022/01/04 11:53:02 [notice] 33#33: gracefully shutting down
2022/01/04 11:53:02 [notice] 32#32: gracefully shutting down
2022/01/04 11:53:02 [notice] 32#32: exiting
2022/01/04 11:53:02 [notice] 34#34: gracefully shutting down
2022/01/04 11:53:02 [notice] 34#34: exiting
2022/01/04 11:53:02 [notice] 31#31: exit
2022/01/04 11:53:02 [notice] 33#33: exiting
2022/01/04 11:53:02 [notice] 32#32: exit
2022/01/04 11:53:02 [notice] 34#34: exit
2022/01/04 11:53:02 [notice] 33#33: exit
2022/01/04 11:53:02 [notice] 1#1: signal 17 (SIGCHLD) received from 32
2022/01/04 11:53:02 [notice] 1#1: worker process 31 exited with code 0
2022/01/04 11:53:02 [notice] 1#1: worker process 32 exited with code 0
2022/01/04 11:53:02 [notice] 1#1: signal 29 (SIGIO) received
2022/01/04 11:53:02 [notice] 1#1: signal 17 (SIGCHLD) received from 34
2022/01/04 11:53:02 [notice] 1#1: worker process 33 exited with code 0
2022/01/04 11:53:02 [notice] 1#1: worker process 34 exited with code 0
2022/01/04 11:53:02 [notice] 1#1: exit
2022/01/04 11:53:23 [notice] 1#1: using the "epoll" event method
2022/01/04 11:53:23 [notice] 1#1: nginx/1.21.0
2022/01/04 11:53:23 [notice] 1#1: built by gcc 8.3.0 (Debian 8.3.0-6) 
2022/01/04 11:53:23 [notice] 1#1: OS: Linux 5.10.25-linuxkit
2022/01/04 11:53:23 [notice] 1#1: getrlimit(RLIMIT_NOFILE): 1048576:1048576
2022/01/04 11:53:23 [notice] 1#1: start worker processes
2022/01/04 11:53:23 [notice] 1#1: start worker process 30
2022/01/04 11:53:23 [notice] 1#1: start worker process 31
2022/01/04 11:53:23 [notice] 1#1: start worker process 32
2022/01/04 11:53:23 [notice] 1#1: start worker process 33
2022/01/04 11:54:11 [error] 30#30: *1 directory index of "/var/www/app/" is forbidden, client: 172.23.0.1, server: localhost, request: "GET / HTTP/1.1", host: "localhost:8101"
2022/01/04 11:54:12 [error] 30#30: *1 open() "/var/www/app404" failed (2: No such file or directory), client: 172.23.0.1, server: localhost, request: "GET /favicon.ico HTTP/1.1", host: "localhost:8101", referrer: "http://localhost:8101/"
2022/01/04 11:54:50 [error] 30#30: *1 directory index of "/var/www/app/" is forbidden, client: 172.23.0.1, server: localhost, request: "GET / HTTP/1.1", host: "localhost:8101"
2022/01/04 11:55:24 [error] 30#30: *1 directory index of "/var/www/app/" is forbidden, client: 172.23.0.1, server: localhost, request: "GET / HTTP/1.1", host: "localhost:8101"
2022/01/04 11:55:24 [error] 30#30: *1 open() "/var/www/app404" failed (2: No such file or directory), client: 172.23.0.1, server: localhost, request: "GET /favicon.ico HTTP/1.1", host: "localhost:8101", referrer: "http://localhost:8101/"
2022/01/04 11:55:25 [error] 30#30: *1 directory index of "/var/www/app/" is forbidden, client: 172.23.0.1, server: localhost, request: "GET / HTTP/1.1", host: "localhost:8101"
2022/01/04 11:55:25 [error] 30#30: *1 open() "/var/www/app404" failed (2: No such file or directory), client: 172.23.0.1, server: localhost, request: "GET /favicon.ico HTTP/1.1", host: "localhost:8101", referrer: "http://localhost:8101/"
2022/01/04 11:55:26 [error] 30#30: *1 directory index of "/var/www/app/" is forbidden, client: 172.23.0.1, server: localhost, request: "GET / HTTP/1.1", host: "localhost:8101"
2022/01/04 11:55:26 [error] 30#30: *1 open() "/var/www/app404" failed (2: No such file or directory), client: 172.23.0.1, server: localhost, request: "GET /favicon.ico HTTP/1.1", host: "localhost:8101", referrer: "http://localhost:8101/"
2022/01/04 11:55:26 [error] 30#30: *1 directory index of "/var/www/app/" is forbidden, client: 172.23.0.1, server: localhost, request: "GET / HTTP/1.1", host: "localhost:8101"
2022/01/04 11:55:26 [error] 30#30: *1 open() "/var/www/app404" failed (2: No such file or directory), client: 172.23.0.1, server: localhost, request: "GET /favicon.ico HTTP/1.1", host: "localhost:8101", referrer: "http://localhost:8101/"
2022/01/04 11:55:26 [error] 30#30: *1 directory index of "/var/www/app/" is forbidden, client: 172.23.0.1, server: localhost, request: "GET / HTTP/1.1", host: "localhost:8101"
2022/01/04 11:55:26 [error] 30#30: *1 open() "/var/www/app404" failed (2: No such file or directory), client: 172.23.0.1, server: localhost, request: "GET /favicon.ico HTTP/1.1", host: "localhost:8101", referrer: "http://localhost:8101/"
2022/01/04 11:55:26 [error] 30#30: *1 directory index of "/var/www/app/" is forbidden, client: 172.23.0.1, server: localhost, request: "GET / HTTP/1.1", host: "localhost:8101"
2022/01/04 11:55:26 [error] 30#30: *1 open() "/var/www/app404" failed (2: No such file or directory), client: 172.23.0.1, server: localhost, request: "GET /favicon.ico HTTP/1.1", host: "localhost:8101", referrer: "http://localhost:8101/"
2022/01/04 11:56:28 [notice] 1#1: signal 3 (SIGQUIT) received, shutting down
2022/01/04 11:56:28 [notice] 31#31: gracefully shutting down
2022/01/04 11:56:28 [notice] 31#31: exiting
2022/01/04 11:56:28 [notice] 33#33: gracefully shutting down
2022/01/04 11:56:28 [notice] 33#33: exiting
2022/01/04 11:56:28 [notice] 32#32: gracefully shutting down
2022/01/04 11:56:28 [notice] 32#32: exiting
2022/01/04 11:56:28 [notice] 30#30: gracefully shutting down
2022/01/04 11:56:28 [notice] 31#31: exit
2022/01/04 11:56:28 [notice] 33#33: exit
2022/01/04 11:56:28 [notice] 32#32: exit
2022/01/04 11:56:28 [notice] 30#30: exiting
2022/01/04 11:56:28 [notice] 30#30: exit
2022/01/04 11:56:28 [notice] 1#1: signal 17 (SIGCHLD) received from 31
2022/01/04 11:56:28 [notice] 1#1: worker process 31 exited with code 0
2022/01/04 11:56:28 [notice] 1#1: worker process 32 exited with code 0
2022/01/04 11:56:28 [notice] 1#1: worker process 30 exited with code 0
2022/01/04 11:56:28 [notice] 1#1: worker process 33 exited with code 0
2022/01/04 11:56:28 [notice] 1#1: exit
2022/01/04 11:58:31 [notice] 1#1: using the "epoll" event method
2022/01/04 11:58:31 [notice] 1#1: nginx/1.21.0
2022/01/04 11:58:31 [notice] 1#1: built by gcc 8.3.0 (Debian 8.3.0-6) 
2022/01/04 11:58:31 [notice] 1#1: OS: Linux 5.10.25-linuxkit
2022/01/04 11:58:31 [notice] 1#1: getrlimit(RLIMIT_NOFILE): 1048576:1048576
2022/01/04 11:58:31 [notice] 1#1: start worker processes
2022/01/04 11:58:31 [notice] 1#1: start worker process 31
2022/01/04 11:58:31 [notice] 1#1: start worker process 32
2022/01/04 11:58:31 [notice] 1#1: start worker process 33
2022/01/04 11:58:31 [notice] 1#1: start worker process 34
2022/01/04 11:58:38 [error] 31#31: *1 directory index of "/var/www/app/" is forbidden, client: 172.24.0.1, server: localhost, request: "GET / HTTP/1.1", host: "localhost:8101"
2022/01/04 11:58:39 [notice] 1#1: signal 3 (SIGQUIT) received, shutting down
2022/01/04 11:58:39 [notice] 32#32: gracefully shutting down
2022/01/04 11:58:39 [notice] 32#32: exiting
2022/01/04 11:58:39 [notice] 31#31: gracefully shutting down
2022/01/04 11:58:39 [notice] 31#31: exiting
2022/01/04 11:58:39 [notice] 33#33: gracefully shutting down
2022/01/04 11:58:39 [notice] 34#34: gracefully shutting down
2022/01/04 11:58:39 [notice] 32#32: exit
2022/01/04 11:58:39 [notice] 31#31: exit
2022/01/04 11:58:39 [notice] 33#33: exiting
2022/01/04 11:58:39 [notice] 33#33: exit
2022/01/04 11:58:39 [notice] 34#34: exiting
2022/01/04 11:58:39 [notice] 34#34: exit
2022/01/04 11:58:39 [notice] 1#1: signal 17 (SIGCHLD) received from 32
2022/01/04 11:58:39 [notice] 1#1: worker process 32 exited with code 0
2022/01/04 11:58:39 [notice] 1#1: signal 29 (SIGIO) received
2022/01/04 11:58:39 [notice] 1#1: signal 17 (SIGCHLD) received from 33
2022/01/04 11:58:39 [notice] 1#1: worker process 31 exited with code 0
2022/01/04 11:58:39 [notice] 1#1: worker process 33 exited with code 0
2022/01/04 11:58:39 [notice] 1#1: worker process 34 exited with code 0
2022/01/04 11:58:39 [notice] 1#1: exit
2022/01/04 11:59:04 [notice] 1#1: using the "epoll" event method
2022/01/04 11:59:04 [notice] 1#1: nginx/1.21.0
2022/01/04 11:59:04 [notice] 1#1: built by gcc 8.3.0 (Debian 8.3.0-6) 
2022/01/04 11:59:04 [notice] 1#1: OS: Linux 5.10.25-linuxkit
2022/01/04 11:59:04 [notice] 1#1: getrlimit(RLIMIT_NOFILE): 1048576:1048576
2022/01/04 11:59:04 [notice] 1#1: start worker processes
2022/01/04 11:59:04 [notice] 1#1: start worker process 30
2022/01/04 11:59:04 [notice] 1#1: start worker process 31
2022/01/04 11:59:04 [notice] 1#1: start worker process 32
2022/01/04 11:59:04 [notice] 1#1: start worker process 33
